This is pdfTeX, Version 3.141592653-2.6-1.40.25 (MiKTeX 24.1) (preloaded format=pdflatex 2024.9.16)  25 JAN 2025 13:26
entering extended mode
 restricted \write18 enabled.
 file:line:error style messages enabled.
 %&-line parsing enabled.
**c:/Git/MachLe2024/main.tex
(c:/Git/MachLe2024/main.tex
LaTeX2e <2023-11-01> patch level 1
L3 programming layer <2024-01-04>
(C:\Users\lukas.schoepf\AppData\Local\Programs\MiKTeX\tex/latex/base\article.cls
Document Class: article 2023/05/17 v1.4n Standard LaTeX document class
(C:\Users\lukas.schoepf\AppData\Local\Programs\MiKTeX\tex/latex/base\size10.clo
File: size10.clo 2023/05/17 v1.4n Standard LaTeX file (size option)
)
\c@part=\count187
\c@section=\count188
\c@subsection=\count189
\c@subsubsection=\count190
\c@paragraph=\count191
\c@subparagraph=\count192
\c@figure=\count193
\c@table=\count194
\abovecaptionskip=\skip48
\belowcaptionskip=\skip49
\bibindent=\dimen140
) (C:\Users\lukas.schoepf\AppData\Local\Programs\MiKTeX\tex/latex/base\inputenc.sty
Package: inputenc 2021/02/14 v1.3d Input encoding file
\inpenc@prehook=\toks17
\inpenc@posthook=\toks18
) (C:\Users\lukas.schoepf\AppData\Local\Programs\MiKTeX\tex/latex/base\fontenc.sty
Package: fontenc 2021/04/29 v2.0v Standard LaTeX package
) (C:\Users\lukas.schoepf\AppData\Local\Programs\MiKTeX\tex/generic/babel\babel.sty
Package: babel 2024/08/29 v24.9 The Babel package
\babel@savecnt=\count195
\U@D=\dimen141
\l@unhyphenated=\language79
 (C:\Users\lukas.schoepf\AppData\Local\Programs\MiKTeX\tex/generic/babel\txtbabel.def)
\bbl@readstream=\read2
\bbl@dirlevel=\count196

*************************************
* Local config file bblopts.cfg used
*
(C:\Users\lukas.schoepf\AppData\Local\Programs\MiKTeX\tex/latex/arabi\bblopts.cfg
File: bblopts.cfg 2005/09/08 v0.1 add Arabic and Farsi to "declared" options of babel
) (C:\Users\lukas.schoepf\AppData\Local\Programs\MiKTeX\tex/latex/babel-german\ngerman.ldf
Language: ngerman 2024/01/19 v2.14 German support for babel (post-1996 orthography)
 (C:\Users\lukas.schoepf\AppData\Local\Programs\MiKTeX\tex/latex/babel-german\ngermanb.ldf
Language: ngermanb 2024/01/19 v2.14 German support for babel (post-1996 orthography)
Package babel Info: Making " an active character on input line 122.
))) (C:\Users\lukas.schoepf\AppData\Local\Programs\MiKTeX\tex/generic/babel/locale/de\babel-ngerman.tex
Package babel Info: Importing font and identification data for ngerman
(babel)             from babel-de.ini. Reported on input line 11.
) (C:\Users\lukas.schoepf\AppData\Local\Programs\MiKTeX\tex/latex/tools\varioref.sty
Package: varioref 2022/01/09 v1.6f package for extended references (FMi)
\c@vrcnt=\count197
) (C:\Users\lukas.schoepf\AppData\Local\Programs\MiKTeX\tex/latex/geometry\geometry.sty
Package: geometry 2020/01/02 v5.9 Page Geometry
 (C:\Users\lukas.schoepf\AppData\Local\Programs\MiKTeX\tex/latex/graphics\keyval.sty
Package: keyval 2022/05/29 v1.15 key=value parser (DPC)
\KV@toks@=\toks19
) (C:\Users\lukas.schoepf\AppData\Local\Programs\MiKTeX\tex/generic/iftex\ifvtex.sty
Package: ifvtex 2019/10/25 v1.7 ifvtex legacy package. Use iftex instead.
 (C:\Users\lukas.schoepf\AppData\Local\Programs\MiKTeX\tex/generic/iftex\iftex.sty
Package: iftex 2022/02/03 v1.0f TeX engine tests
))
\Gm@cnth=\count198
\Gm@cntv=\count199
\c@Gm@tempcnt=\count266
\Gm@bindingoffset=\dimen142
\Gm@wd@mp=\dimen143
\Gm@odd@mp=\dimen144
\Gm@even@mp=\dimen145
\Gm@layoutwidth=\dimen146
\Gm@layoutheight=\dimen147
\Gm@layouthoffset=\dimen148
\Gm@layoutvoffset=\dimen149
\Gm@dimlist=\toks20
 (C:\Users\lukas.schoepf\AppData\Local\Programs\MiKTeX\tex/latex/geometry\geometry.cfg)) (C:\Users\lukas.schoepf\AppData\Local\Programs\MiKTeX\tex/latex/amsmath\amsmath.sty
Package: amsmath 2024/05/23 v2.17q AMS math features
\@mathmargin=\skip50

For additional information on amsmath, use the `?' option.
(C:\Users\lukas.schoepf\AppData\Local\Programs\MiKTeX\tex/latex/amsmath\amstext.sty
Package: amstext 2021/08/26 v2.01 AMS text
 (C:\Users\lukas.schoepf\AppData\Local\Programs\MiKTeX\tex/latex/amsmath\amsgen.sty
File: amsgen.sty 1999/11/30 v2.0 generic functions
\@emptytoks=\toks21
\ex@=\dimen150
)) (C:\Users\lukas.schoepf\AppData\Local\Programs\MiKTeX\tex/latex/amsmath\amsbsy.sty
Package: amsbsy 1999/11/29 v1.2d Bold Symbols
\pmbraise@=\dimen151
) (C:\Users\lukas.schoepf\AppData\Local\Programs\MiKTeX\tex/latex/amsmath\amsopn.sty
Package: amsopn 2022/04/08 v2.04 operator names
)
\inf@bad=\count267
LaTeX Info: Redefining \frac on input line 233.
\uproot@=\count268
\leftroot@=\count269
LaTeX Info: Redefining \overline on input line 398.
LaTeX Info: Redefining \colon on input line 409.
\classnum@=\count270
\DOTSCASE@=\count271
LaTeX Info: Redefining \ldots on input line 495.
LaTeX Info: Redefining \dots on input line 498.
LaTeX Info: Redefining \cdots on input line 619.
\Mathstrutbox@=\box51
\strutbox@=\box52
LaTeX Info: Redefining \big on input line 721.
LaTeX Info: Redefining \Big on input line 722.
LaTeX Info: Redefining \bigg on input line 723.
LaTeX Info: Redefining \Bigg on input line 724.
\big@size=\dimen152
LaTeX Font Info:    Redeclaring font encoding OML on input line 742.
LaTeX Font Info:    Redeclaring font encoding OMS on input line 743.
\macc@depth=\count272
LaTeX Info: Redefining \bmod on input line 904.
LaTeX Info: Redefining \pmod on input line 909.
LaTeX Info: Redefining \smash on input line 939.
LaTeX Info: Redefining \relbar on input line 969.
LaTeX Info: Redefining \Relbar on input line 970.
\c@MaxMatrixCols=\count273
\dotsspace@=\muskip16
\c@parentequation=\count274
\dspbrk@lvl=\count275
\tag@help=\toks22
\row@=\count276
\column@=\count277
\maxfields@=\count278
\andhelp@=\toks23
\eqnshift@=\dimen153
\alignsep@=\dimen154
\tagshift@=\dimen155
\tagwidth@=\dimen156
\totwidth@=\dimen157
\lineht@=\dimen158
\@envbody=\toks24
\multlinegap=\skip51
\multlinetaggap=\skip52
\mathdisplay@stack=\toks25
LaTeX Info: Redefining \[ on input line 2953.
LaTeX Info: Redefining \] on input line 2954.
) (C:\Users\lukas.schoepf\AppData\Local\Programs\MiKTeX\tex/latex/amsfonts\amssymb.sty
Package: amssymb 2013/01/14 v3.01 AMS font symbols
 (C:\Users\lukas.schoepf\AppData\Local\Programs\MiKTeX\tex/latex/amsfonts\amsfonts.sty
Package: amsfonts 2013/01/14 v3.01 Basic AMSFonts support
\symAMSa=\mathgroup4
\symAMSb=\mathgroup5
LaTeX Font Info:    Redeclaring math symbol \hbar on input line 98.
LaTeX Font Info:    Overwriting math alphabet `\mathfrak' in version `bold'
(Font)                  U/euf/m/n --> U/euf/b/n on input line 106.
)) (C:\Users\lukas.schoepf\AppData\Local\Programs\MiKTeX\tex/latex/graphics\graphicx.sty
Package: graphicx 2021/09/16 v1.2d Enhanced LaTeX Graphics (DPC,SPQR)
 (C:\Users\lukas.schoepf\AppData\Local\Programs\MiKTeX\tex/latex/graphics\graphics.sty
Package: graphics 2022/03/10 v1.4e Standard LaTeX Graphics (DPC,SPQR)
 (C:\Users\lukas.schoepf\AppData\Local\Programs\MiKTeX\tex/latex/graphics\trig.sty
Package: trig 2021/08/11 v1.11 sin cos tan (DPC)
) (C:\Users\lukas.schoepf\AppData\Local\Programs\MiKTeX\tex/latex/graphics-cfg\graphics.cfg
File: graphics.cfg 2016/06/04 v1.11 sample graphics configuration
)
Package graphics Info: Driver file: pdftex.def on input line 107.
 (C:\Users\lukas.schoepf\AppData\Local\Programs\MiKTeX\tex/latex/graphics-def\pdftex.def
File: pdftex.def 2022/09/22 v1.2b Graphics/color driver for pdftex
))
\Gin@req@height=\dimen159
\Gin@req@width=\dimen160
) (C:\Users\lukas.schoepf\AppData\Local\Programs\MiKTeX\tex/latex/xcolor\xcolor.sty
Package: xcolor 2023/11/15 v3.01 LaTeX color extensions (UK)
 (C:\Users\lukas.schoepf\AppData\Local\Programs\MiKTeX\tex/latex/graphics-cfg\color.cfg
File: color.cfg 2016/01/02 v1.6 sample color configuration
)
Package xcolor Info: Driver file: pdftex.def on input line 274.
 (C:\Users\lukas.schoepf\AppData\Local\Programs\MiKTeX\tex/latex/graphics\mathcolor.ltx)
Package xcolor Info: Model `cmy' substituted by `cmy0' on input line 1350.
Package xcolor Info: Model `hsb' substituted by `rgb' on input line 1354.
Package xcolor Info: Model `RGB' extended on input line 1366.
Package xcolor Info: Model `HTML' substituted by `rgb' on input line 1368.
Package xcolor Info: Model `Hsb' substituted by `hsb' on input line 1369.
Package xcolor Info: Model `tHsb' substituted by `hsb' on input line 1370.
Package xcolor Info: Model `HSB' substituted by `hsb' on input line 1371.
Package xcolor Info: Model `Gray' substituted by `gray' on input line 1372.
Package xcolor Info: Model `wave' substituted by `hsb' on input line 1373.
) (C:\Users\lukas.schoepf\AppData\Local\Programs\MiKTeX\tex/latex/siunitx\siunitx.sty
Package: siunitx 2024-08-20 v3.3.21 A comprehensive (SI) units package
\l__siunitx_number_uncert_offset_int=\count279
\l__siunitx_number_exponent_fixed_int=\count280
\l__siunitx_number_min_decimal_int=\count281
\l__siunitx_number_min_integer_int=\count282
\l__siunitx_number_round_precision_int=\count283
\l__siunitx_number_lower_threshold_int=\count284
\l__siunitx_number_upper_threshold_int=\count285
\l__siunitx_number_group_first_int=\count286
\l__siunitx_number_group_size_int=\count287
\l__siunitx_number_group_minimum_int=\count288
\l__siunitx_angle_tmp_dim=\dimen161
\l__siunitx_angle_marker_box=\box53
\l__siunitx_angle_unit_box=\box54
\l__siunitx_compound_count_int=\count289
 (C:\Users\lukas.schoepf\AppData\Local\Programs\MiKTeX\tex/latex/translations\translations.sty
Package: translations 2022/02/05 v1.12 internationalization of LaTeX2e packages (CN)
 (C:\Users\lukas.schoepf\AppData\Local\Programs\MiKTeX\tex/latex/etoolbox\etoolbox.sty
Package: etoolbox 2020/10/05 v2.5k e-TeX tools for LaTeX (JAW)
\etb@tempcnta=\count290
) (C:\Users\lukas.schoepf\AppData\Local\Programs\MiKTeX\tex/generic/pdftexcmds\pdftexcmds.sty
Package: pdftexcmds 2020-06-27 v0.33 Utility functions of pdfTeX for LuaTeX (HO)
 (C:\Users\lukas.schoepf\AppData\Local\Programs\MiKTeX\tex/generic/infwarerr\infwarerr.sty
Package: infwarerr 2019/12/03 v1.5 Providing info/warning/error messages (HO)
) (C:\Users\lukas.schoepf\AppData\Local\Programs\MiKTeX\tex/generic/ltxcmds\ltxcmds.sty
Package: ltxcmds 2023-12-04 v1.26 LaTeX kernel commands for general use (HO)
)
Package pdftexcmds Info: \pdf@primitive is available.
Package pdftexcmds Info: \pdf@ifprimitive is available.
Package pdftexcmds Info: \pdfdraftmode found.
))
\l__siunitx_table_tmp_box=\box55
\l__siunitx_table_tmp_dim=\dimen162
\l__siunitx_table_column_width_dim=\dimen163
\l__siunitx_table_integer_box=\box56
\l__siunitx_table_decimal_box=\box57
\l__siunitx_table_uncert_box=\box58
\l__siunitx_table_before_box=\box59
\l__siunitx_table_after_box=\box60
\l__siunitx_table_before_dim=\dimen164
\l__siunitx_table_carry_dim=\dimen165
\l__siunitx_unit_tmp_int=\count291
\l__siunitx_unit_position_int=\count292
\l__siunitx_unit_total_int=\count293
 (C:\Users\lukas.schoepf\AppData\Local\Programs\MiKTeX\tex/latex/tools\array.sty
Package: array 2023/10/16 v2.5g Tabular extension package (FMi)
\col@sep=\dimen166
\ar@mcellbox=\box61
\extrarowheight=\dimen167
\NC@list=\toks26
\extratabsurround=\skip53
\backup@length=\skip54
\ar@cellbox=\box62
)) (C:\Users\lukas.schoepf\AppData\Local\Programs\MiKTeX\tex/latex/enumitem\enumitem.sty
Package: enumitem 2019/06/20 v3.9 Customized lists
\labelindent=\skip55
\enit@outerparindent=\dimen168
\enit@toks=\toks27
\enit@inbox=\box63
\enit@count@id=\count294
\enitdp@description=\count295
) (C:\Users\lukas.schoepf\AppData\Local\Programs\MiKTeX\tex/latex/transparent\transparent.sty
Package: transparent 2022-10-27 v1.5 Transparency with color stacks
 (C:\Users\lukas.schoepf\AppData\Local\Programs\MiKTeX\tex/latex/transparent\transparent-nometadata.sty
Package: transparent-nometadata 2022-10-27 v1.5 Transparency via pdfTeX's color stack (HO)
 (C:\Users\lukas.schoepf\AppData\Local\Programs\MiKTeX\tex/latex/auxhook\auxhook.sty
Package: auxhook 2019-12-17 v1.6 Hooks for auxiliary files (HO)
))) (C:\Users\lukas.schoepf\AppData\Local\Programs\MiKTeX\tex/latex/l3backend\l3backend-pdftex.def
File: l3backend-pdftex.def 2024-01-04 L3 backend support: PDF output (pdfTeX)
\l__color_backend_stack_int=\count296
\l__pdf_internal_box=\box64
) (c:\Git\MachLe2024\build\main.aux)
\openout1 = `main.aux'.

LaTeX Font Info:    Checking defaults for OML/cmm/m/it on input line 17.
LaTeX Font Info:    ... okay on input line 17.
LaTeX Font Info:    Checking defaults for OMS/cmsy/m/n on input line 17.
LaTeX Font Info:    ... okay on input line 17.
LaTeX Font Info:    Checking defaults for OT1/cmr/m/n on input line 17.
LaTeX Font Info:    ... okay on input line 17.
LaTeX Font Info:    Checking defaults for T1/cmr/m/n on input line 17.
LaTeX Font Info:    ... okay on input line 17.
LaTeX Font Info:    Checking defaults for TS1/cmr/m/n on input line 17.
LaTeX Font Info:    ... okay on input line 17.
LaTeX Font Info:    Checking defaults for OMX/cmex/m/n on input line 17.
LaTeX Font Info:    ... okay on input line 17.
LaTeX Font Info:    Checking defaults for U/cmr/m/n on input line 17.
LaTeX Font Info:    ... okay on input line 17.

*geometry* driver: auto-detecting
*geometry* detected driver: pdftex
*geometry* verbose mode - [ preamble ] result:
* driver: pdftex
* paper: a4paper
* layout: <same size as paper>
* layoutoffset:(h,v)=(0.0pt,0.0pt)
* modes: includehead includefoot twoside 
* h-part:(L,W,R)=(19.91684pt, 557.6742pt, 19.91684pt)
* v-part:(T,H,B)=(19.91684pt, 805.21317pt, 19.91684pt)
* \paperwidth=597.50787pt
* \paperheight=845.04684pt
* \textwidth=557.6742pt
* \textheight=738.21317pt
* \oddsidemargin=-52.35315pt
* \evensidemargin=-52.35315pt
* \topmargin=-52.35315pt
* \headheight=12.0pt
* \headsep=25.0pt
* \topskip=10.0pt
* \footskip=30.0pt
* \marginparwidth=48.0pt
* \marginparsep=10.0pt
* \columnsep=10.0pt
* \skip\footins=9.0pt plus 4.0pt minus 2.0pt
* \hoffset=0.0pt
* \voffset=0.0pt
* \mag=1000
* \@twocolumntrue
* \@twosidetrue
* \@mparswitchtrue
* \@reversemarginfalse
* (1in=72.27pt=25.4mm, 1cm=28.453pt)

(C:\Users\lukas.schoepf\AppData\Local\Programs\MiKTeX\tex/context/base/mkii\supp-pdf.mkii
[Loading MPS to PDF converter (version 2006.09.02).]
\scratchcounter=\count297
\scratchdimen=\dimen169
\scratchbox=\box65
\nofMPsegments=\count298
\nofMParguments=\count299
\everyMPshowfont=\toks28
\MPscratchCnt=\count300
\MPscratchDim=\dimen170
\MPnumerator=\count301
\makeMPintoPDFobject=\count302
\everyMPtoPDFconversion=\toks29
) (C:\Users\lukas.schoepf\AppData\Local\Programs\MiKTeX\tex/latex/epstopdf-pkg\epstopdf-base.sty
Package: epstopdf-base 2020-01-24 v2.11 Base part for package epstopdf
Package epstopdf-base Info: Redefining graphics rule for `.eps' on input line 485.
 (C:\Users\lukas.schoepf\AppData\Local\Programs\MiKTeX\tex/latex/00miktex\epstopdf-sys.cfg
File: epstopdf-sys.cfg 2021/03/18 v2.0 Configuration of epstopdf for MiKTeX
)) (C:\Users\lukas.schoepf\AppData\Local\Programs\MiKTeX\tex/latex/translations/dicts\translations-basic-dictionary-german.trsl
File: translations-basic-dictionary-german.trsl (german translation file `translations-basic-dictionary')
)
Package translations Info: loading dictionary `translations-basic-dictionary' for `german'. on input line 17.
 (Sections/Header.tex)
LaTeX Font Info:    Trying to load font information for U+msa on input line 19.
 (C:\Users\lukas.schoepf\AppData\Local\Programs\MiKTeX\tex/latex/amsfonts\umsa.fd
File: umsa.fd 2013/01/14 v3.01 AMS symbols A
)
LaTeX Font Info:    Trying to load font information for U+msb on input line 19.
 (C:\Users\lukas.schoepf\AppData\Local\Programs\MiKTeX\tex/latex/amsfonts\umsb.fd
File: umsb.fd 2013/01/14 v3.01 AMS symbols B
) [1


{C:/Users/lukas.schoepf/AppData/Local/MiKTeX/fonts/map/pdftex/pdftex.map}] (Sections/01-Introduction.tex) (Sections/02-SupervisedML.tex
Underfull \hbox (badness 10000) in paragraph at lines 42--43
[]\T1/cmr/m/n/10 Classify $\OML/cmm/m/it/10 x[]$ \T1/cmr/m/n/10 ba-sed on the ma-jo-ri-ty vo-te of
 []

<figures/02/distances.png, id=7, 212.795pt x 260.47313pt>
File: figures/02/distances.png Graphic file (type png)
<use figures/02/distances.png>
Package pdftex.def Info: figures/02/distances.png  used on input line 46.
(pdftex.def)             Requested size: 109.53316pt x 134.07559pt.

LaTeX Warning: `!h' float specifier changed to `!ht'.

[2

]
<figures/02/ROC.png, id=25, 237.88875pt x 242.40562pt>
File: figures/02/ROC.png Graphic file (type png)
<use figures/02/ROC.png>
Package pdftex.def Info: figures/02/ROC.png  used on input line 81.
(pdftex.def)             Requested size: 123.22585pt x 125.5671pt.
<figures/02/PRC.png, id=26, 233.37187pt x 221.82875pt>
File: figures/02/PRC.png Graphic file (type png)
<use figures/02/PRC.png>
Package pdftex.def Info: figures/02/PRC.png  used on input line 82.
(pdftex.def)             Requested size: 123.22585pt x 117.13202pt.
) (Sections/03-BiasVarianceTradeoff.tex
<figures/03/BiasVariance.png, id=27, 482.30188pt x 346.29375pt>
File: figures/03/BiasVariance.png Graphic file (type png)
<use figures/03/BiasVariance.png>
Package pdftex.def Info: figures/03/BiasVariance.png  used on input line 3.
(pdftex.def)             Requested size: 273.8371pt x 196.62329pt.
<figures/03/CV.png, id=28, 474.77374pt x 230.8625pt>
File: figures/03/CV.png Graphic file (type png)
<use figures/03/CV.png>
Package pdftex.def Info: figures/03/CV.png  used on input line 34.
(pdftex.def)             Requested size: 273.8371pt x 133.16057pt.
 [3 <./figures/02/distances.png> <./figures/02/ROC.png> <./figures/02/PRC.png> <./figures/03/BiasVariance.png>]
<figures/03/Regression.png, id=36, 423.5825pt x 307.64937pt>
File: figures/03/Regression.png Graphic file (type png)
<use figures/03/Regression.png>
Package pdftex.def Info: figures/03/Regression.png  used on input line 68.
(pdftex.def)             Requested size: 273.8371pt x 198.8947pt.


LaTeX Warning: `!h' float specifier changed to `!ht'.

<figures/03/Hyperparameter.png, id=37, 694.595pt x 221.82875pt>
File: figures/03/Hyperparameter.png Graphic file (type png)
<use figures/03/Hyperparameter.png>
Package pdftex.def Info: figures/03/Hyperparameter.png  used on input line 96.
(pdftex.def)             Requested size: 273.8371pt x 87.45721pt.
) (Sections/04-DecisionTree.tex [4 <./figures/03/CV.png> <./figures/03/Regression.png> <./figures/03/Hyperparameter.png>]
<figures/04/Bagging.png, id=45, 636.87938pt x 298.11375pt>
File: figures/04/Bagging.png Graphic file (type png)
<use figures/04/Bagging.png>
Package pdftex.def Info: figures/04/Bagging.png  used on input line 60.
(pdftex.def)             Requested size: 273.8371pt x 128.1773pt.
 [5 <./figures/04/Bagging.png>]
<figures/04/RandomForrest.png, id=50, 423.5825pt x 319.69438pt>
File: figures/04/RandomForrest.png Graphic file (type png)
<use figures/04/RandomForrest.png>
Package pdftex.def Info: figures/04/RandomForrest.png  used on input line 114.
(pdftex.def)             Requested size: 273.8371pt x 206.68178pt.
<figures/04/OOBError.png, id=51, 631.35875pt x 327.2225pt>
File: figures/04/OOBError.png Graphic file (type png)
<use figures/04/OOBError.png>
Package pdftex.def Info: figures/04/OOBError.png  used on input line 125.
(pdftex.def)             Requested size: 273.8371pt x 141.92621pt.
) (Sections/05-Probability.tex
Underfull \hbox (badness 2772) in paragraph at lines 1--1
\T1/cmr/bx/n/14.4 Lo-gi-stic Re-gres-si-on, Neural Net-
 []

[6 <./figures/04/RandomForrest.png> <./figures/04/OOBError.png>]
Overfull \hbox (0.88329pt too wide) detected at line 40
\OML/cmm/m/it/10 p\OT1/cmr/m/n/10 (\OML/cmm/m/it/10 Y\OMS/cmsy/m/n/10 j\OML/cmm/m/it/10 X\OT1/cmr/m/n/10 ) = [] = [] = []
 []

<figures/05/Neuron.png, id=58, 444.66125pt x 251.94125pt>
File: figures/05/Neuron.png Graphic file (type png)
<use figures/05/Neuron.png>
Package pdftex.def Info: figures/05/Neuron.png  used on input line 83.
(pdftex.def)             Requested size: 273.8371pt x 155.15245pt.
<figures/05/OutputNN.png, id=59, 676.5275pt x 291.0875pt>
File: figures/05/OutputNN.png Graphic file (type png)
<use figures/05/OutputNN.png>
Package pdftex.def Info: figures/05/OutputNN.png  used on input line 86.
(pdftex.def)             Requested size: 273.8371pt x 117.82315pt.
) (Sections/06-NeuralNetworks.tex [7 <./figures/05/Neuron.png> <./figures/05/OutputNN.png>]
<figures/06/1DConv.png, id=68, 495.8525pt x 250.43562pt>
File: figures/06/1DConv.png Graphic file (type png)
<use figures/06/1DConv.png>
Package pdftex.def Info: figures/06/1DConv.png  used on input line 55.
(pdftex.def)             Requested size: 273.8371pt x 138.30556pt.
<figures/06/2DConv.png, id=69, 476.27937pt x 334.75063pt>
File: figures/06/2DConv.png Graphic file (type png)
<use figures/06/2DConv.png>
Package pdftex.def Info: figures/06/2DConv.png  used on input line 62.
(pdftex.def)             Requested size: 273.8371pt x 192.475pt.


LaTeX Warning: `!h' float specifier changed to `!ht'.

<figures/06/Pooling.png, id=70, 543.53062pt x 209.78375pt>
File: figures/06/Pooling.png Graphic file (type png)
<use figures/06/Pooling.png>
Package pdftex.def Info: figures/06/Pooling.png  used on input line 68.
(pdftex.def)             Requested size: 273.8371pt x 105.69507pt.
) (Sections/07-FeatureEngineering.tex [8 <./figures/06/1DConv.png> <./figures/06/2DConv.png> <./figures/06/Pooling.png>] [9]
<figures/07/TextEmbeddings.png, id=80, 699.11188pt x 140.525pt>
File: figures/07/TextEmbeddings.png Graphic file (type png)
<use figures/07/TextEmbeddings.png>
Package pdftex.def Info: figures/07/TextEmbeddings.png  used on input line 122.
(pdftex.def)             Requested size: 273.8371pt x 55.04253pt.
<figures/07/STFT.png, id=81, 760.8425pt x 312.16624pt>
File: figures/07/STFT.png Graphic file (type png)
<use figures/07/STFT.png>
Package pdftex.def Info: figures/07/STFT.png  used on input line 139.
(pdftex.def)             Requested size: 273.8371pt x 112.35594pt.
<figures/07/MFCC.png, id=82, 848.16875pt x 313.67188pt>
File: figures/07/MFCC.png Graphic file (type png)
<use figures/07/MFCC.png>
Package pdftex.def Info: figures/07/MFCC.png  used on input line 146.
(pdftex.def)             Requested size: 273.8371pt x 101.27206pt.
) (Sections/08-SVM.tex
<figures/08/SVM.png, id=83, 461.22313pt x 318.18875pt>
File: figures/08/SVM.png Graphic file (type png)
<use figures/08/SVM.png>
Package pdftex.def Info: figures/08/SVM.png  used on input line 3.
(pdftex.def)             Requested size: 273.8371pt x 188.91438pt.
 [10 <./figures/07/TextEmbeddings.png> <./figures/07/STFT.png> <./figures/07/MFCC.png> <./figures/08/SVM.png>]
<figures/08/SoftMargin.png, id=91, 670.505pt x 295.1025pt>
File: figures/08/SoftMargin.png Graphic file (type png)
<use figures/08/SoftMargin.png>
Package pdftex.def Info: figures/08/SoftMargin.png  used on input line 70.
(pdftex.def)             Requested size: 273.8371pt x 120.51999pt.
<figures/08/SoftMarginExample.png, id=92, 218.8175pt x 260.975pt>
File: figures/08/SoftMarginExample.png Graphic file (type png)
<use figures/08/SoftMarginExample.png>
Package pdftex.def Info: figures/08/SoftMarginExample.png  used on input line 89.
(pdftex.def)             Requested size: 82.15196pt x 97.98087pt.
<figures/08/CExamples.png, id=93, 400.49625pt x 266.9975pt>
File: figures/08/CExamples.png Graphic file (type png)
<use figures/08/CExamples.png>
Package pdftex.def Info: figures/08/CExamples.png  used on input line 102.
(pdftex.def)             Requested size: 273.8371pt x 182.56624pt.


LaTeX Warning: `!h' float specifier changed to `!ht'.

[11 <./figures/08/SoftMargin.png> <./figures/08/SoftMarginExample.png>]) (Sections/09-GaussianProcesses.tex
Overfull \hbox (14.8613pt too wide) detected at line 30
\OML/cmm/m/it/10 p\OT1/cmr/m/n/10 (\OT1/cmr/bx/n/10 x\OT1/cmr/m/n/10 ) = \OMS/cmsy/m/n/10 N\OT1/cmr/m/n/10 (\OT1/cmr/bx/n/10 x\OMS/cmsy/m/n/10 j\OML/cmm/m/it/10 ^^V; \OT1/cmr/m/n/10 ^^F) = [] [] []
 []

[12 <./figures/08/CExamples.png>]
<figures/09/GPExample.png, id=103, 809.0225pt x 251.94125pt>
File: figures/09/GPExample.png Graphic file (type png)
<use figures/09/GPExample.png>
Package pdftex.def Info: figures/09/GPExample.png  used on input line 74.
(pdftex.def)             Requested size: 273.8371pt x 85.27829pt.
) (Sections/10-DimensionalityReduction.tex [13 <./figures/09/GPExample.png>]
<figures/10/LLE.png, id=112, 288.07625pt x 282.05376pt>
File: figures/10/LLE.png Graphic file (type png)
<use figures/10/LLE.png>
Package pdftex.def Info: figures/10/LLE.png  used on input line 79.
(pdftex.def)             Requested size: 273.8371pt x 268.12169pt.
<figures/10/Isomap.png, id=113, 827.09pt x 304.63812pt>
File: figures/10/Isomap.png Graphic file (type png)
<use figures/10/Isomap.png>
Package pdftex.def Info: figures/10/Isomap.png  used on input line 86.
(pdftex.def)             Requested size: 273.8371pt x 100.86092pt.
 [14 <./figures/10/LLE.png> <./figures/10/Isomap.png>]) (Sections/11-ClusterAnalysis.tex
<figures/11/ClusteringOverview.png, id=119, 384.43625pt x 174.15062pt>
File: figures/11/ClusteringOverview.png Graphic file (type png)
<use figures/11/ClusteringOverview.png>
Package pdftex.def Info: figures/11/ClusteringOverview.png  used on input line 4.
(pdftex.def)             Requested size: 273.8371pt x 124.05702pt.


LaTeX Warning: No positions in optional float specifier.
               Default added (so using `tbp') on input line 41.

<figures/11/ExampleHCA.png, id=120, 620.3175pt x 245.91875pt>
File: figures/11/ExampleHCA.png Graphic file (type png)
<use figures/11/ExampleHCA.png>
Package pdftex.def Info: figures/11/ExampleHCA.png  used on input line 52.
(pdftex.def)             Requested size: 273.8371pt x 108.5573pt.
<figures/11/Dendrogram.png, id=121, 268.00125pt x 158.5925pt>
File: figures/11/Dendrogram.png Graphic file (type png)
<use figures/11/Dendrogram.png>
Package pdftex.def Info: figures/11/Dendrogram.png  used on input line 73.
(pdftex.def)             Requested size: 273.8371pt x 162.0453pt.

LaTeX Warning: `!h' float specifier changed to `!ht'.

<figures/11/KMeansExample.png, id=122, 823.57687pt x 145.04187pt>
File: figures/11/KMeansExample.png Graphic file (type png)
<use figures/11/KMeansExample.png>
Package pdftex.def Info: figures/11/KMeansExample.png  used on input line 79.
(pdftex.def)             Requested size: 273.8371pt x 48.2247pt.

LaTeX Warning: `!h' float specifier changed to `!ht'.

[15 <./figures/11/ClusteringOverview.png> <./figures/11/ExampleHCA.png>]) (Sections/12-GMMandEM.tex [16 <./figures/11/Dendrogram.png> <./figures/11/KMeansExample.png>]
Underfull \hbox (badness 1946) in paragraph at lines 88--89
[]\T1/cmr/m/n/10 E-Step: Esti-ma-te ex-pec-ted va-lues of va-ria-bles, as-s-u-
 []

) (Sections/13-ReinforcementLearning.tex
<figures/13/AgentEnvironment.png, id=134, 763.85374pt x 326.72063pt>
File: figures/13/AgentEnvironment.png Graphic file (type png)
<use figures/13/AgentEnvironment.png>
Package pdftex.def Info: figures/13/AgentEnvironment.png  used on input line 3.
(pdftex.def)             Requested size: 273.8371pt x 117.12578pt.


LaTeX Warning: `!h' float specifier changed to `!ht'.

[17]) (Sections/14-GenerativeAI.tex) [18 <./figures/13/AgentEnvironment.png>] (c:\Git\MachLe2024\build\main.aux)
 ***********
LaTeX2e <2023-11-01> patch level 1
L3 programming layer <2024-01-04>
 ***********
 ) 
Here is how much of TeX's memory you used:
 10267 strings out of 474486
 225394 string characters out of 5739979
 1947542 words of memory out of 5000000
 32387 multiletter control sequences out of 15000+600000
 575087 words of font info for 80 fonts, out of 8000000 for 9000
 1141 hyphenation exceptions out of 8191
 73i,11n,80p,359b,531s stack positions out of 10000i,1000n,20000p,200000b,200000s
 <C:\Users\lukas.schoepf\AppData\Local\MiKTeX\fonts/pk/ljfour/jknappen/ec/dpi600\ecrm0700.pk> <C:\Users\lukas.schoepf\AppData\Local\MiKTeX\fonts/pk/ljfour/jknappen/ec/dpi600\ecbx1000.pk> <C:\Users\lukas.schoepf\AppData\Local\MiKTeX\fonts/pk/ljfour/jknappen/ec/dpi600\ecrm1000.pk> <C:\Users\lukas.schoepf\AppData\Local\MiKTeX\fonts/pk/ljfour/jknappen/ec/dpi600\tcrm1000.pk> <C:\Users\lukas.schoepf\AppData\Local\MiKTeX\fonts/pk/ljfour/jknappen/ec/dpi600\ecbx1200.pk> <C:\Users\lukas.schoepf\AppData\Local\MiKTeX\fonts/pk/ljfour/jknappen/ec/dpi600\ecbx1440.pk> <C:\Users\lukas.schoepf\AppData\Local\MiKTeX\fonts/pk/ljfour/jknappen/ec/dpi600\ecrm1200.pk> <C:\Users\lukas.schoepf\AppData\Local\MiKTeX\fonts/pk/ljfour/jknappen/ec/dpi600\ecrm1728.pk><C:/Users/lukas.schoepf/AppData/Local/Programs/MiKTeX/fonts/type1/public/amsfonts/cm/cmbx10.pfb><C:/Users/lukas.schoepf/AppData/Local/Programs/MiKTeX/fonts/type1/public/amsfonts/cm/cmbx7.pfb><C:/Users/lukas.schoepf/AppData/Local/Programs/MiKTeX/fonts/type1/public/amsfonts/cm/cmex10.pfb><C:/Users/lukas.schoepf/AppData/Local/Programs/MiKTeX/fonts/type1/public/amsfonts/cm/cmmi10.pfb><C:/Users/lukas.schoepf/AppData/Local/Programs/MiKTeX/fonts/type1/public/amsfonts/cm/cmmi12.pfb><C:/Users/lukas.schoepf/AppData/Local/Programs/MiKTeX/fonts/type1/public/amsfonts/cm/cmmi5.pfb><C:/Users/lukas.schoepf/AppData/Local/Programs/MiKTeX/fonts/type1/public/amsfonts/cm/cmmi7.pfb><C:/Users/lukas.schoepf/AppData/Local/Programs/MiKTeX/fonts/type1/public/amsfonts/cm/cmr10.pfb><C:/Users/lukas.schoepf/AppData/Local/Programs/MiKTeX/fonts/type1/public/amsfonts/cm/cmr12.pfb><C:/Users/lukas.schoepf/AppData/Local/Programs/MiKTeX/fonts/type1/public/amsfonts/cm/cmr5.pfb><C:/Users/lukas.schoepf/AppData/Local/Programs/MiKTeX/fonts/type1/public/amsfonts/cm/cmr7.pfb><C:/Users/lukas.schoepf/AppData/Local/Programs/MiKTeX/fonts/type1/public/amsfonts/cm/cmsy10.pfb><C:/Users/lukas.schoepf/AppData/Local/Programs/MiKTeX/fonts/type1/public/amsfonts/cm/cmsy5.pfb><C:/Users/lukas.schoepf/AppData/Local/Programs/MiKTeX/fonts/type1/public/amsfonts/cm/cmsy7.pfb><C:/Users/lukas.schoepf/AppData/Local/Programs/MiKTeX/fonts/type1/public/amsfonts/cm/cmsy8.pfb><C:/Users/lukas.schoepf/AppData/Local/Programs/MiKTeX/fonts/type1/public/amsfonts/symbols/msbm10.pfb>
Output written on c:\Git\MachLe2024\build\main.pdf (18 pages, 6474927 bytes).
PDF statistics:
 541 PDF objects out of 1000 (max. 8388607)
 0 named destinations out of 1000 (max. 500000)
 151 words of extra memory for PDF output out of 10000 (max. 10000000)

